<?xml version="1.0" encoding="utf-8"?><testsuites name="pytest tests"><testsuite name="pytest" errors="0" failures="0" skipped="0" tests="12" time="1.394" timestamp="2026-09-01T15:10:02.071407+00:00" hostname="agent-env-6b591970-4ffe-4c00-84cf-315baa430b8a"><testcase classname="tests.test_security_fixes.TestCORSAppLayer" name="test_preflight_mutating_methods_disallowed[POST]" time="0.074" /><testcase classname="tests.test_security_fixes.TestStatusEndpointRemoved" name="test_post_status_404" time="0.251" /><testcase classname="tests.test_security_fixes.TestCORSAppLayer" name="test_preflight_mutating_methods_disallowed[PUT]" time="0.022" /><testcase classname="tests.test_security_fixes.TestCORSAppLayer" name="test_preflight_mutating_methods_disallowed[DELETE]" time="0.022" /><testcase classname="tests.test_security_fixes.TestCORSAppLayer" name="test_preflight_mutating_methods_disallowed[PATCH]" time="0.045" /><testcase classname="tests.test_security_fixes.TestCORSAppLayer" name="test_preflight_get_allowed" time="0.022" /><testcase classname="tests.test_security_fixes.TestHealth" name="test_health_ok" time="0.155" /><testcase classname="tests.test_security_fixes.TestStatusEndpointRemoved" name="test_get_status_404" time="0.065" /><testcase classname="tests.test_security_fixes.TestStatusEndpointRemoved" name="test_put_delete_status_not_available" time="0.179" /><testcase classname="tests.test_security_fixes.TestHealth" name="test_health_no_trailing_slash" time="0.309" /><testcase classname="tests.test_security_fixes.TestCORS" name="test_simple_get_no_allow_credentials" time="0.069" /><testcase classname="tests.test_security_fixes.TestCORS" name="test_public_preflight_get_no_credentials" time="0.023" /></testsuite></testsuites>